Arguments: 
  /Users/tatsuhiko.mitsui/.nodenv/versions/14.15.0/bin/node /usr/local/Cellar/yarn/1.22.10/libexec/bin/yarn.js add -D eslint eslint-config-prettier eslint-plugin-prettier　prettier

PATH: 
  /Users/tatsuhiko.mitsui/.nodenv/versions/14.15.0/bin:/usr/local/Cellar/nodenv/1.4.0/libexec:/Users/tatsuhiko.mitsui/.nodenv/shims:/Users/tatsuhiko.mitsui/.nodenv/bin:/usr/local/bin:/usr/bin:/bin:/usr/sbin:/sbin:/Users/tatsuhiko.mitsui/.nodenv/shims:/Users/tatsuhiko.mitsui/.nodenv/bin

Yarn version: 
  1.22.10

Node version: 
  14.15.0

Platform: 
  darwin x64

Trace: 
  TypeError [ERR_UNESCAPED_CHARACTERS]: Request path contains unescaped characters
      at new ClientRequest (_http_client.js:151:13)
      at Object.request (https.js:313:10)
      at Request.module.exports.Request.start (/usr/local/Cellar/yarn/1.22.10/libexec/lib/cli.js:141311:32)
      at Request.module.exports.Request.end (/usr/local/Cellar/yarn/1.22.10/libexec/lib/cli.js:142070:10)
      at end (/usr/local/Cellar/yarn/1.22.10/libexec/lib/cli.js:141124:14)
      at Immediate._onImmediate (/usr/local/Cellar/yarn/1.22.10/libexec/lib/cli.js:141138:7)
      at processImmediate (internal/timers.js:461:21)

npm manifest: 
  {
    "name": "totp",
    "version": "1.0.0",
    "main": "index.js",
    "repository": "git@github.com:maroon8021/totp.git",
    "author": "maroon8021 <okihiutat.iutim@gmail.com>",
    "license": "MIT"
  }

yarn manifest: 
  No manifest

Lockfile: 
  # THIS IS AN AUTOGENERATED FILE. DO NOT EDIT THIS FILE DIRECTLY.
  # yarn lockfile v1
